2019-07-22 21:35:55,922 INFO com.example.epoint.EpointApplication [restartedMain] Starting EpointApplication on majkel-ThinkPad-T430 with PID 13770 (/home/majkel/eclipse-workspace/epoint/target/classes started by majkel in /home/majkel/eclipse-workspace/epoint)
2019-07-22 21:35:55,926 DEBUG com.example.epoint.EpointApplication [restartedMain] Running with Spring Boot v2.1.6.RELEASE, Spring v5.1.8.RELEASE
2019-07-22 21:35:55,928 INFO com.example.epoint.EpointApplication [restartedMain] No active profile set, falling back to default profiles: default
2019-07-22 21:35:59,668 INFO org.apache.catalina.core.StandardService [restartedMain] Starting service [Tomcat]
2019-07-22 21:35:59,670 INFO org.apache.catalina.core.StandardEngine [restartedMain] Starting Servlet engine: [Apache Tomcat/9.0.21]
2019-07-22 21:36:00,524 INFO org.apache.jasper.servlet.TldScanner [restartedMain] At least one JAR was scanned for TLDs yet contained no TLDs. Enable debug logging for this logger for a complete list of JARs that were scanned but no TLDs were found in them. Skipping unneeded JARs during scanning can improve startup time and JSP compilation time.
2019-07-22 21:36:00,579 INFO org.apache.catalina.core.ContainerBase.[Tomcat].[localhost].[/] [restartedMain] Initializing Spring embedded WebApplicationContext
2019-07-22 21:36:00,858 INFO com.zaxxer.hikari.HikariDataSource [restartedMain] HikariPool-1 - Starting...
2019-07-22 21:36:01,209 INFO com.zaxxer.hikari.HikariDataSource [restartedMain] HikariPool-1 - Start completed.
2019-07-22 21:36:01,542 INFO org.hibernate.jpa.internal.util.LogHelper [restartedMain] HHH000204: Processing PersistenceUnitInfo [
	name: default
	...]
2019-07-22 21:36:01,657 INFO org.hibernate.Version [restartedMain] HHH000412: Hibernate Core {5.3.10.Final}
2019-07-22 21:36:01,660 INFO org.hibernate.cfg.Environment [restartedMain] HHH000206: hibernate.properties not found
2019-07-22 21:36:01,939 INFO org.hibernate.annotations.common.Version [restartedMain] HCANN000001: Hibernate Commons Annotations {5.0.4.Final}
2019-07-22 21:36:02,270 INFO org.hibernate.dialect.Dialect [restartedMain] HHH000400: Using dialect: org.hibernate.dialect.H2Dialect
2019-07-22 21:36:02,851 INFO org.hibernate.tool.schema.internal.SchemaCreatorImpl [restartedMain] HHH000476: Executing import script 'org.hibernate.tool.schema.internal.exec.ScriptSourceInputNonExistentImpl@8fe0e1f'
2019-07-22 21:36:04,398 INFO com.example.epoint.EpointApplication [restartedMain] Started EpointApplication in 9.258 seconds (JVM running for 10.287)
2019-07-22 21:36:21,983 INFO org.apache.catalina.core.ContainerBase.[Tomcat].[localhost].[/] [http-nio-8080-exec-1] Initializing Spring DispatcherServlet 'dispatcherServlet'
2019-07-22 21:36:22,235 DEBUG com.example.epoint.controller.FormController [http-nio-8080-exec-1] Hello from Log4j 2 - num : {}
2019-07-22 21:37:03,123 INFO org.hibernate.tool.schema.internal.SchemaDropperImpl$DelayedDropActionImpl [Thread-8] HHH000477: Starting delayed evictData of schema as part of SessionFactory shut-down'
2019-07-22 21:37:03,138 INFO com.zaxxer.hikari.HikariDataSource [Thread-8] HikariPool-1 - Shutdown initiated...
2019-07-22 21:37:03,150 INFO com.zaxxer.hikari.HikariDataSource [Thread-8] HikariPool-1 - Shutdown completed.
